Arguments: 
  C:\Program Files\nodejs\node.exe C:\Users\Jenny\AppData\Roaming\npm\node_modules\yarn\bin\yarn.js install

PATH: 
  C:\Program Files\ImageMagick-7.0.8-Q16;C:\Program Files (x86)\Common Files\Oracle\Java\javapath;C:\Windows\System32;C:\Windows;C:\Windows\System32\Wbem;C:\Windows\System32\WindowsPowerShell\v1.0\;C:\Windows\System32\OpenSSH\;C:\Program Files\Git\cmd;C:\Program Files\nodejs\;C:\Go\bin;C:\Program Files (x86)\Intel\Intel(R) Management Engine Components\DAL;C:\Program Files\Intel\Intel(R) Management Engine Components\DAL;C:\Hugo\bin;;C:\Program Files\NVIDIA Corporation\NVIDIA NvDLISR;C:\Program Files\Intel\WiFi\bin\;C:\Program Files\Common Files\Intel\WirelessCommon\;C:\Users\Jenny\AppData\Local\Microsoft\WindowsApps;C:\Users\Jenny\AppData\Roaming\npm;C:\Users\Jenny\go\bin;C:\Users\Jenny\AppData\Local\Programs\Fiddler;C:\Users\Jenny\AppData\Local\Programs\Microsoft VS Code\bin

Yarn version: 
  1.16.0

Node version: 
  10.15.3

Platform: 
  win32 x64

Trace: 
  Error: EPERM: operation not permitted, unlink 'C:\Users\Jenny\Documents\Private\playground\playground\node_modules\node-sass\vendor\win32-x64-64\binding.node'

npm manifest: 
  {
    "name": "Playground",
    "version": "1.0.0",
    "description": "",
    "author": "hjshin",
    "license": "MIT",
    "main": "index.js",
    "engines": {
      "node": ">=8.9.4",
      "npm": ">=5.6.0"
    },
    "scripts": {
      "start": "cross-env NODE_ENV=development webpack-dev-server --open --config ./config/webpack.config.dev.js",
      "restart": "cross-env NODE_ENV=development webpack-dev-server --config ./config/webpack.config.dev.js",
      "build": "cross-env NODE_ENV=production webpack --config ./config/webpack.config.prod.js",
      "storybook": "start-storybook -p 6006",
      "build-storybook": "build-storybook"
    },
    "browserslist": {
      "production": [
        "chrome 52",
        "edge 14",
        "last 4 version"
      ],
      "development": [
        "last 1 version"
      ]
    },
    "dependencies": {
      "@babel/polyfill": "^7.2.5",
      "@sambego/storybook-state": "^1.3.4",
      "axios": "^0.16.2",
      "core-js": "^2.6.1",
      "get-youtube-title": "^1.0.0",
      "immutable": "^4.0.0-rc.12",
      "jquery": "^3.3.1",
      "material-icons-react": "^1.0.4",
      "moment": "^2.24.0",
      "moment-timezone": "^0.5.23",
      "quill-focus": "^1.1.2",
      "quill-image-drop-module": "^1.0.3",
      "quill-image-resize-module": "^3.0.0",
      "react": "^16.8.6",
      "react-datepicker": "^1.5.0",
      "react-dom": "~16.3.2",
      "react-quill": "^1.3.3",
      "react-redux": "^5.0.6",
      "react-router-dom": "^4.2.2",
      "react-youtube": "^7.9.0",
      "redux": "^3.7.2",
      "redux-actions": "^2.2.1",
      "redux-thunk": "^2.2.0",
      "websocket": "^1.0.28"
    },
    "devDependencies": {
      "@babel/cli": "^7.2.3",
      "@babel/core": "^7.2.2",
      "@babel/plugin-proposal-class-properties": "^7.2.3",
      "@babel/plugin-syntax-object-rest-spread": "^7.2.0",
      "@babel/plugin-transform-async-to-generator": "^7.2.0",
      "@babel/preset-env": "^7.2.3",
      "@babel/preset-react": "^7.0.0",
      "@storybook/addon-actions": "^5.0.11",
      "@storybook/addon-info": "^5.0.11",
      "@storybook/addon-knobs": "^5.0.11",
      "@storybook/addon-links": "^5.0.11",
      "@storybook/addons": "^5.0.11",
      "@storybook/react": "^5.0.11",
      "autoprefixer": "7.1.6",
      "babel-eslint": "^8.0.1",
      "babel-loader": "^8.0.5",
      "clean-webpack-plugin": "^0.1.19",
      "copy-webpack-plugin": "^4.6.0",
      "cross-env": "^5.2.0",
      "css-loader": "^2.1.0",
      "eslint": "^4.10.0",
      "eslint-config-airbnb": "^16.1.0",
      "eslint-plugin-import": "^2.8.0",
      "eslint-plugin-jsx-a11y": "^6.0.3",
      "eslint-plugin-react": "^7.6.1",
      "file-loader": "^3.0.1",
      "html-loader": "^0.5.5",
      "html-webpack-plugin": "^3.2.0",
      "image-webpack-loader": "^4.6.0",
      "mini-css-extract-plugin": "^0.5.0",
      "node-sass": "^4.11.0",
      "optimize-css-assets-webpack-plugin": "^5.0.1",
      "path": "^0.12.7",
      "postcss-loader": "^3.0.0",
      "postcss-preset-env": "^6.5.0",
      "prettier": "1.18.2",
      "react-hot-loader": "^4.6.3",
      "sass-loader": "^6.0.6",
      "style-loader": "^0.18.2",
      "uglifyjs-webpack-plugin": "^1.3.0",
      "webpack": "^4.28.1",
      "webpack-cli": "^3.2.1",
      "webpack-dev-server": "^3.1.14"
    }
  }

yarn manifest: 
  No manifest

Lockfile: 
  No lockfile
